INFO 2025-08-26 14:08:40,788 autoreload Watching for file changes with StatReloader
INFO 2025-08-26 14:08:59,642 autoreload /home/joao/backend/trancking-highend-challenge/challenge/countries/views.py changed, reloading.
INFO 2025-08-26 14:09:00,302 autoreload Watching for file changes with StatReloader
INFO 2025-08-26 14:09:01,786 autoreload /home/joao/backend/trancking-highend-challenge/challenge/countries/views.py changed, reloading.
INFO 2025-08-26 14:09:02,295 autoreload Watching for file changes with StatReloader
INFO 2025-08-26 14:09:06,745 autoreload /home/joao/backend/trancking-highend-challenge/challenge/countries/views.py changed, reloading.
INFO 2025-08-26 14:09:07,195 autoreload Watching for file changes with StatReloader
INFO 2025-08-26 14:09:18,888 autoreload /home/joao/backend/trancking-highend-challenge/challenge/countries/views.py changed, reloading.
INFO 2025-08-26 14:09:19,600 autoreload Watching for file changes with StatReloader
INFO 2025-08-26 14:09:24,082 autoreload /home/joao/backend/trancking-highend-challenge/challenge/countries/views.py changed, reloading.
INFO 2025-08-26 14:09:24,677 autoreload Watching for file changes with StatReloader
INFO 2025-08-26 14:11:38,303 autoreload /home/joao/backend/trancking-highend-challenge/challenge/countries/views.py changed, reloading.
INFO 2025-08-26 14:11:38,883 autoreload Watching for file changes with StatReloader
WARNING 2025-08-26 14:11:46,772 log Not Found: /
WARNING 2025-08-26 14:11:46,774 basehttp "GET / HTTP/1.1" 404 2302
WARNING 2025-08-26 14:11:46,939 log Not Found: /favicon.ico
WARNING 2025-08-26 14:11:46,940 basehttp "GET /favicon.ico HTTP/1.1" 404 2353
INFO 2025-08-26 14:12:01,410 basehttp "GET /api/countries/assess HTTP/1.1" 301 0
WARNING 2025-08-26 14:12:01,653 log Method Not Allowed: /api/countries/assess/
WARNING 2025-08-26 14:12:01,654 basehttp "GET /api/countries/assess/ HTTP/1.1" 405 5831
INFO 2025-08-26 14:12:01,789 basehttp "GET /static/rest_framework/css/default.css HTTP/1.1" 200 1152
INFO 2025-08-26 14:12:01,791 basehttp "GET /static/rest_framework/css/prettify.css HTTP/1.1" 200 817
INFO 2025-08-26 14:12:01,799 basehttp "GET /static/rest_framework/js/ajax-form.js HTTP/1.1" 200 3796
INFO 2025-08-26 14:12:01,801 basehttp "GET /static/rest_framework/css/bootstrap-tweaks.css HTTP/1.1" 200 3426
INFO 2025-08-26 14:12:01,838 basehttp "GET /static/rest_framework/js/prettify-min.js HTTP/1.1" 200 13632
INFO 2025-08-26 14:12:01,852 basehttp "GET /static/rest_framework/js/jquery-3.7.1.min.js HTTP/1.1" 200 87533
INFO 2025-08-26 14:12:01,865 basehttp "GET /static/rest_framework/js/default.js HTTP/1.1" 200 1268
INFO 2025-08-26 14:12:01,867 basehttp "GET /static/rest_framework/js/csrf.js HTTP/1.1" 200 1793
INFO 2025-08-26 14:12:01,896 basehttp "GET /static/rest_framework/css/bootstrap.min.css HTTP/1.1" 200 121457
INFO 2025-08-26 14:12:01,897 basehttp "GET /static/rest_framework/js/load-ajax-form.js HTTP/1.1" 200 59
INFO 2025-08-26 14:12:01,900 basehttp "GET /static/rest_framework/js/bootstrap.min.js HTTP/1.1" 200 39680
INFO 2025-08-26 14:12:01,983 basehttp "GET /static/rest_framework/img/grid.png HTTP/1.1" 200 1458
WARNING 2025-08-26 14:12:06,849 log Bad Request: /api/countries/assess/
WARNING 2025-08-26 14:12:06,849 basehttp "POST /api/countries/assess/ HTTP/1.1" 400 5825
WARNING 2025-08-26 14:12:12,185 log Not Found: /.well-known/appspecific/com.chrome.devtools.json
WARNING 2025-08-26 14:12:12,187 basehttp "GET /.well-known/appspecific/com.chrome.devtools.json HTTP/1.1" 404 2464
INFO 2025-08-26 14:12:12,495 basehttp "GET /static/rest_framework/css/bootstrap.min.css.map HTTP/1.1" 200 540434
INFO 2025-08-26 14:12:58,378 basehttp "POST /api/countries/assess/ HTTP/1.1" 201 82
WARNING 2025-08-26 14:13:02,789 log Bad Request: /api/countries/assess/
WARNING 2025-08-26 14:13:02,790 basehttp "POST /api/countries/assess/ HTTP/1.1" 400 75
WARNING 2025-08-26 14:13:05,482 log Bad Request: /api/countries/assess/
WARNING 2025-08-26 14:13:05,485 basehttp "POST /api/countries/assess/ HTTP/1.1" 400 75
WARNING 2025-08-26 14:13:05,743 log Bad Request: /api/countries/assess/
WARNING 2025-08-26 14:13:05,745 basehttp "POST /api/countries/assess/ HTTP/1.1" 400 75
WARNING 2025-08-26 14:13:10,045 log Bad Request: /api/countries/assess/
WARNING 2025-08-26 14:13:10,046 basehttp "POST /api/countries/assess/ HTTP/1.1" 400 75
WARNING 2025-08-26 14:13:10,288 log Bad Request: /api/countries/assess/
WARNING 2025-08-26 14:13:10,289 basehttp "POST /api/countries/assess/ HTTP/1.1" 400 75
INFO 2025-08-26 14:15:54,212 autoreload /home/joao/backend/trancking-highend-challenge/challenge/countries/views.py changed, reloading.
INFO 2025-08-26 14:15:54,731 autoreload Watching for file changes with StatReloader
WARNING 2025-08-26 14:16:17,989 log Bad Request: /api/countries/assess/
WARNING 2025-08-26 14:16:17,991 basehttp "POST /api/countries/assess/ HTTP/1.1" 400 75
WARNING 2025-08-26 14:16:19,289 log Bad Request: /api/countries/assess/
WARNING 2025-08-26 14:16:19,293 basehttp "POST /api/countries/assess/ HTTP/1.1" 400 75
WARNING 2025-08-26 14:16:19,443 log Bad Request: /api/countries/assess/
WARNING 2025-08-26 14:16:19,443 basehttp "POST /api/countries/assess/ HTTP/1.1" 400 75
WARNING 2025-08-26 14:16:38,695 log Bad Request: /api/countries/assess/
WARNING 2025-08-26 14:16:38,696 basehttp "POST /api/countries/assess/ HTTP/1.1" 400 75
WARNING 2025-08-26 14:16:48,615 log Bad Request: /api/countries/assess/
WARNING 2025-08-26 14:16:48,618 basehttp "POST /api/countries/assess/ HTTP/1.1" 400 75
INFO 2025-08-26 14:17:31,474 autoreload /home/joao/backend/trancking-highend-challenge/challenge/countries/views.py changed, reloading.
INFO 2025-08-26 14:17:32,158 autoreload Watching for file changes with StatReloader
INFO 2025-08-26 14:19:15,123 autoreload /home/joao/backend/trancking-highend-challenge/challenge/countries/views.py changed, reloading.
INFO 2025-08-26 14:19:15,622 autoreload Watching for file changes with StatReloader
INFO 2025-08-26 14:19:18,195 autoreload /home/joao/backend/trancking-highend-challenge/challenge/countries/views.py changed, reloading.
INFO 2025-08-26 14:19:19,032 autoreload Watching for file changes with StatReloader
INFO 2025-08-26 14:19:21,639 autoreload /home/joao/backend/trancking-highend-challenge/challenge/countries/views.py changed, reloading.
INFO 2025-08-26 14:19:22,344 autoreload Watching for file changes with StatReloader
INFO 2025-08-26 14:19:27,747 autoreload /home/joao/backend/trancking-highend-challenge/challenge/countries/views.py changed, reloading.
INFO 2025-08-26 14:19:28,481 autoreload Watching for file changes with StatReloader
INFO 2025-08-26 14:19:32,071 autoreload /home/joao/backend/trancking-highend-challenge/challenge/countries/views.py changed, reloading.
INFO 2025-08-26 14:19:32,673 autoreload Watching for file changes with StatReloader
INFO 2025-08-26 14:19:35,238 autoreload /home/joao/backend/trancking-highend-challenge/challenge/countries/views.py changed, reloading.
INFO 2025-08-26 14:19:35,777 autoreload Watching for file changes with StatReloader
INFO 2025-08-26 14:19:40,442 autoreload /home/joao/backend/trancking-highend-challenge/challenge/countries/views.py changed, reloading.
INFO 2025-08-26 14:19:40,936 autoreload Watching for file changes with StatReloader
INFO 2025-08-26 14:19:51,460 autoreload /home/joao/backend/trancking-highend-challenge/challenge/countries/views.py changed, reloading.
INFO 2025-08-26 14:19:51,912 autoreload Watching for file changes with StatReloader
INFO 2025-08-26 14:20:04,493 autoreload /home/joao/backend/trancking-highend-challenge/challenge/countries/views.py changed, reloading.
INFO 2025-08-26 14:20:04,923 autoreload Watching for file changes with StatReloader
INFO 2025-08-26 14:20:08,348 autoreload /home/joao/backend/trancking-highend-challenge/challenge/countries/views.py changed, reloading.
INFO 2025-08-26 14:20:08,936 autoreload Watching for file changes with StatReloader
INFO 2025-08-26 14:20:11,422 autoreload /home/joao/backend/trancking-highend-challenge/challenge/countries/views.py changed, reloading.
INFO 2025-08-26 14:20:11,979 autoreload Watching for file changes with StatReloader
INFO 2025-08-26 14:20:16,472 autoreload /home/joao/backend/trancking-highend-challenge/challenge/countries/views.py changed, reloading.
INFO 2025-08-26 14:20:16,977 autoreload Watching for file changes with StatReloader
INFO 2025-08-26 14:20:31,642 autoreload /home/joao/backend/trancking-highend-challenge/challenge/countries/views.py changed, reloading.
INFO 2025-08-26 14:20:32,244 autoreload Watching for file changes with StatReloader
INFO 2025-08-26 14:20:59,113 autoreload /home/joao/backend/trancking-highend-challenge/challenge/countries/views.py changed, reloading.
INFO 2025-08-26 14:20:59,601 autoreload Watching for file changes with StatReloader
INFO 2025-08-26 14:21:02,983 autoreload /home/joao/backend/trancking-highend-challenge/challenge/countries/views.py changed, reloading.
INFO 2025-08-26 14:21:03,879 autoreload Watching for file changes with StatReloader
INFO 2025-08-26 14:21:09,518 autoreload /home/joao/backend/trancking-highend-challenge/challenge/countries/views.py changed, reloading.
INFO 2025-08-26 14:21:10,107 autoreload Watching for file changes with StatReloader
INFO 2025-08-26 14:21:20,659 autoreload /home/joao/backend/trancking-highend-challenge/challenge/countries/views.py changed, reloading.
INFO 2025-08-26 14:21:21,237 autoreload Watching for file changes with StatReloader
INFO 2025-08-26 14:21:28,799 autoreload /home/joao/backend/trancking-highend-challenge/challenge/countries/views.py changed, reloading.
INFO 2025-08-26 14:21:29,279 autoreload Watching for file changes with StatReloader
INFO 2025-08-26 19:00:00,466 autoreload Watching for file changes with StatReloader
WARNING 2025-08-26 19:04:25,098 log Not Found: /
WARNING 2025-08-26 19:04:25,099 basehttp "GET / HTTP/1.1" 404 2302
WARNING 2025-08-26 19:04:25,206 log Not Found: /favicon.ico
WARNING 2025-08-26 19:04:25,207 basehttp "GET /favicon.ico HTTP/1.1" 404 2353
INFO 2025-08-26 19:04:31,821 basehttp "GET /api/countries HTTP/1.1" 301 0
WARNING 2025-08-26 19:04:32,214 log Bad Request: /api/countries/
WARNING 2025-08-26 19:04:32,215 basehttp "GET /api/countries/ HTTP/1.1" 400 5319
INFO 2025-08-26 19:04:32,604 basehttp "GET /static/rest_framework/js/bootstrap.min.js HTTP/1.1" 200 39680
INFO 2025-08-26 19:04:32,612 basehttp "GET /static/rest_framework/css/bootstrap-tweaks.css HTTP/1.1" 200 3426
INFO 2025-08-26 19:04:32,613 basehttp "GET /static/rest_framework/css/prettify.css HTTP/1.1" 200 817
INFO 2025-08-26 19:04:32,614 basehttp "GET /static/rest_framework/css/default.css HTTP/1.1" 200 1152
INFO 2025-08-26 19:04:32,629 basehttp "GET /static/rest_framework/js/csrf.js HTTP/1.1" 200 1793
INFO 2025-08-26 19:04:32,633 basehttp "GET /static/rest_framework/css/bootstrap.min.css HTTP/1.1" 200 121457
INFO 2025-08-26 19:04:32,654 basehttp "GET /static/rest_framework/js/ajax-form.js HTTP/1.1" 200 3796
INFO 2025-08-26 19:04:32,660 basehttp "GET /static/rest_framework/js/default.js HTTP/1.1" 200 1268
INFO 2025-08-26 19:04:32,670 basehttp "GET /static/rest_framework/js/load-ajax-form.js HTTP/1.1" 200 59
INFO 2025-08-26 19:04:32,682 basehttp "GET /static/rest_framework/js/jquery-3.7.1.min.js HTTP/1.1" 200 87533
INFO 2025-08-26 19:04:32,726 basehttp "GET /static/rest_framework/js/prettify-min.js HTTP/1.1" 200 13632
INFO 2025-08-26 19:04:32,853 basehttp "GET /static/rest_framework/img/grid.png HTTP/1.1" 200 1458
INFO 2025-08-26 19:04:54,887 basehttp "GET /api/countries/?name=Brasil HTTP/1.1" 200 14316
INFO 2025-08-26 19:06:00,856 basehttp "GET /api/countries/top10/ HTTP/1.1" 200 6966
INFO 2025-08-26 19:06:00,903 basehttp "GET /static/rest_framework/css/bootstrap.min.css HTTP/1.1" 304 0
INFO 2025-08-26 19:06:00,909 basehttp "GET /static/rest_framework/js/jquery-3.7.1.min.js HTTP/1.1" 304 0
INFO 2025-08-26 19:06:00,905 basehttp "GET /static/rest_framework/js/ajax-form.js HTTP/1.1" 304 0
INFO 2025-08-26 19:06:00,909 basehttp "GET /static/rest_framework/css/prettify.css HTTP/1.1" 304 0
INFO 2025-08-26 19:06:00,908 basehttp "GET /static/rest_framework/css/bootstrap-tweaks.css HTTP/1.1" 304 0
INFO 2025-08-26 19:06:00,908 basehttp "GET /static/rest_framework/css/default.css HTTP/1.1" 304 0
INFO 2025-08-26 19:06:00,922 basehttp "GET /static/rest_framework/js/prettify-min.js HTTP/1.1" 304 0
INFO 2025-08-26 19:06:00,924 basehttp "GET /static/rest_framework/js/csrf.js HTTP/1.1" 304 0
INFO 2025-08-26 19:06:00,925 basehttp "GET /static/rest_framework/js/load-ajax-form.js HTTP/1.1" 304 0
INFO 2025-08-26 19:06:00,925 basehttp "GET /static/rest_framework/js/default.js HTTP/1.1" 304 0
INFO 2025-08-26 19:06:00,926 basehttp "GET /static/rest_framework/js/bootstrap.min.js HTTP/1.1" 304 0
